[Fri Oct 18 22:37:03 2024
] Added new employee: 
[Fri Oct 18 22:41:55 2024
] Added new employee: 
[Fri Oct 18 23:05:42 2024
] Added new employee: 
[Sat Oct 19 15:17:40 2024
] Added new employee: emp1
[Sat Oct 19 15:40:13 2024
] Added new employee: emp2
[Sat Oct 19 15:41:04 2024
] Modified user details for: emp2
[Sat Oct 19 16:21:26 2024
] Added new employee: emp1
[Sat Oct 19 16:22:14 2024
] Modified user details for: emp1
[Sat Oct 19 16:28:04 2024
] Added new employee: employee1
[Sat Oct 19 16:29:17 2024
] Changed password for user: admin
[Sat Oct 19 16:29:41 2024
] Changed password for user: admin
[Sat Oct 19 16:37:33 2024
] Added new employee: e1
[Sat Oct 19 16:41:05 2024
] Added new employee: employee1
[Sat Oct 19 16:52:58 2024
] Modified user details for: employee1
[Sat Oct 19 16:54:50 2024
] Deleted user: e1008
[Sat Oct 19 17:00:55 2024
] Changed password for user: admin
[Sat Oct 19 17:01:18 2024
] Deleted user: a1008
[Sat Oct 19 17:46:00 2024
] Deleted user: e1
[Sun Oct 20 13:32:50 2024
] Added new employee: emp2
